<?xml version="1.0" encoding="UTF-8"?>
<testng-results skipped="0" failed="1" ignored="0" total="10" passed="9">
  <reporter-output>
  </reporter-output>
  <suite name="Demo Cart App Regression Test Suite" duration-ms="20395" started-at="2021-03-08T15:39:16Z" finished-at="2021-03-08T15:39:36Z">
    <groups>
    </groups>
    <test name="Login Page Test" duration-ms="14100" started-at="2021-03-08T15:39:16Z" finished-at="2021-03-08T15:39:30Z">
      <class name="com.qa.opencart.tests.LoginPageTest">
        <test-method status="PASS" signature="setUp()[pri:0, instance:com.qa.opencart.tests.LoginPageTest@5f14a673]" name="setUp" is-config="true" duration-ms="9923" started-at="2021-03-08T15:39:16Z" finished-at="2021-03-08T15:39:26Z">
          <reporter-output>
          </reporter-output>
        </test-method> <!-- setUp -->
        <test-method status="PASS" signature="loginPageTitleTest()[pri:1, instance:com.qa.opencart.tests.LoginPageTest@5f14a673]" name="loginPageTitleTest" duration-ms="292" started-at="2021-03-08T15:39:26Z" finished-at="2021-03-08T15:39:26Z">
          <reporter-output>
          </reporter-output>
        </test-method> <!-- loginPageTitleTest -->
        <test-method status="PASS" signature="forgotPwdLinkTest()[pri:2, instance:com.qa.opencart.tests.LoginPageTest@5f14a673]" name="forgotPwdLinkTest" duration-ms="253" started-at="2021-03-08T15:39:27Z" finished-at="2021-03-08T15:39:27Z">
          <reporter-output>
          </reporter-output>
        </test-method> <!-- forgotPwdLinkTest -->
        <test-method status="PASS" signature="loginTest()[pri:3, instance:com.qa.opencart.tests.LoginPageTest@5f14a673]" name="loginTest" duration-ms="2910" started-at="2021-03-08T15:39:27Z" finished-at="2021-03-08T15:39:30Z">
          <reporter-output>
          </reporter-output>
        </test-method> <!-- loginTest -->
        <test-method status="PASS" signature="tearDown()[pri:0, instance:com.qa.opencart.tests.LoginPageTest@5f14a673]" name="tearDown" is-config="true" duration-ms="104" started-at="2021-03-08T15:39:30Z" finished-at="2021-03-08T15:39:30Z">
          <reporter-output>
          </reporter-output>
        </test-method> <!-- tearDown -->
      </class> <!-- com.qa.opencart.tests.LoginPageTest -->
    </test> <!-- Login Page Test -->
    <test name="Accounts Page Test" duration-ms="20382" started-at="2021-03-08T15:39:16Z" finished-at="2021-03-08T15:39:36Z">
      <class name="com.qa.opencart.tests.AccountsPageTest">
        <test-method status="PASS" signature="setUp()[pri:0, instance:com.qa.opencart.tests.AccountsPageTest@b9dfc5a]" name="setUp" is-config="true" duration-ms="10903" started-at="2021-03-08T15:39:16Z" finished-at="2021-03-08T15:39:27Z">
          <reporter-output>
          </reporter-output>
        </test-method> <!-- setUp -->
        <test-method status="PASS" signature="AccSetUp()[pri:0, instance:com.qa.opencart.tests.AccountsPageTest@b9dfc5a]" name="AccSetUp" is-config="true" duration-ms="3006" started-at="2021-03-08T15:39:27Z" finished-at="2021-03-08T15:39:30Z">
          <reporter-output>
          </reporter-output>
        </test-method> <!-- AccSetUp -->
        <test-method status="PASS" signature="accPageTitleTest()[pri:1, instance:com.qa.opencart.tests.AccountsPageTest@b9dfc5a]" name="accPageTitleTest" duration-ms="50" started-at="2021-03-08T15:39:30Z" finished-at="2021-03-08T15:39:30Z">
          <reporter-output>
          </reporter-output>
        </test-method> <!-- accPageTitleTest -->
        <test-method status="PASS" signature="accPageLogoTest()[pri:2, instance:com.qa.opencart.tests.AccountsPageTest@b9dfc5a]" name="accPageLogoTest" duration-ms="77" started-at="2021-03-08T15:39:30Z" finished-at="2021-03-08T15:39:30Z">
          <reporter-output>
          </reporter-output>
        </test-method> <!-- accPageLogoTest -->
        <test-method status="PASS" signature="accPageSectionsCountTest()[pri:3, instance:com.qa.opencart.tests.AccountsPageTest@b9dfc5a]" name="accPageSectionsCountTest" duration-ms="101" started-at="2021-03-08T15:39:30Z" finished-at="2021-03-08T15:39:30Z">
          <reporter-output>
          </reporter-output>
        </test-method> <!-- accPageSectionsCountTest -->
        <test-method status="PASS" signature="accPageSectionsTest()[pri:4, instance:com.qa.opencart.tests.AccountsPageTest@b9dfc5a]" name="accPageSectionsTest" duration-ms="96" started-at="2021-03-08T15:39:31Z" finished-at="2021-03-08T15:39:31Z">
          <reporter-output>
          </reporter-output>
        </test-method> <!-- accPageSectionsTest -->
        <test-method status="PASS" signature="searchTest()[pri:5, instance:com.qa.opencart.tests.AccountsPageTest@b9dfc5a]" name="searchTest" duration-ms="1375" started-at="2021-03-08T15:39:31Z" finished-at="2021-03-08T15:39:33Z">
          <reporter-output>
          </reporter-output>
        </test-method> <!-- searchTest -->
        <test-method status="PASS" signature="selectProductTest()[pri:6, instance:com.qa.opencart.tests.AccountsPageTest@b9dfc5a]" name="selectProductTest" duration-ms="3584" started-at="2021-03-08T15:39:33Z" finished-at="2021-03-08T15:39:36Z">
          <reporter-output>
          </reporter-output>
        </test-method> <!-- selectProductTest -->
        <test-method status="PASS" signature="tearDown()[pri:0, instance:com.qa.opencart.tests.AccountsPageTest@b9dfc5a]" name="tearDown" is-config="true" duration-ms="104" started-at="2021-03-08T15:39:36Z" finished-at="2021-03-08T15:39:36Z">
          <reporter-output>
          </reporter-output>
        </test-method> <!-- tearDown -->
      </class> <!-- com.qa.opencart.tests.AccountsPageTest -->
    </test> <!-- Accounts Page Test -->
    <test name="Product Info Page Test" duration-ms="20395" started-at="2021-03-08T15:39:16Z" finished-at="2021-03-08T15:39:36Z">
      <class name="com.qa.opencart.tests.ProductInfoPageTest">
        <test-method status="PASS" signature="setUp()[pri:0, instance:com.qa.opencart.tests.ProductInfoPageTest@5116ac09]" name="setUp" is-config="true" duration-ms="9923" started-at="2021-03-08T15:39:16Z" finished-at="2021-03-08T15:39:26Z">
          <reporter-output>
          </reporter-output>
        </test-method> <!-- setUp -->
        <test-method status="PASS" signature="AccSetUp()[pri:0, instance:com.qa.opencart.tests.ProductInfoPageTest@5116ac09]" name="AccSetUp" is-config="true" duration-ms="4015" started-at="2021-03-08T15:39:26Z" finished-at="2021-03-08T15:39:30Z">
          <reporter-output>
          </reporter-output>
        </test-method> <!-- AccSetUp -->
        <test-method status="FAIL" signature="productInfoDataTest()[pri:0, instance:com.qa.opencart.tests.ProductInfoPageTest@5116ac09]" name="productInfoDataTest" duration-ms="5107" started-at="2021-03-08T15:39:30Z" finished-at="2021-03-08T15:39:35Z">
          <exception class="java.lang.AssertionError">
            <message>
              <![CDATA[The following asserts failed:
expected [true] but found [false]]]>
            </message>
            <full-stacktrace>
              <![CDATA[java.lang.AssertionError: The following asserts failed:
expected [true] but found [false]
at org.testng.asserts.SoftAssert.assertAll(SoftAssert.java:43)
at com.qa.opencart.tests.ProductInfoPageTest.productInfoDataTest(ProductInfoPageTest.java:27)
at sun.reflect.NativeMethodAccessorImpl.invoke0(Native Method)
at sun.reflect.NativeMethodAccessorImpl.invoke(NativeMethodAccessorImpl.java:62)
at sun.reflect.DelegatingMethodAccessorImpl.invoke(DelegatingMethodAccessorImpl.java:43)
at java.lang.reflect.Method.invoke(Method.java:498)
at org.testng.internal.MethodInvocationHelper.invokeMethod(MethodInvocationHelper.java:124)
at org.testng.internal.Invoker.invokeMethod(Invoker.java:583)
at org.testng.internal.Invoker.invokeTestMethod(Invoker.java:719)
at org.testng.internal.Invoker.invokeTestMethods(Invoker.java:989)
at org.testng.internal.TestMethodWorker.invokeTestMethods(TestMethodWorker.java:125)
at org.testng.internal.TestMethodWorker.run(TestMethodWorker.java:109)
at org.testng.TestRunner.privateRun(TestRunner.java:648)
at org.testng.TestRunner.run(TestRunner.java:505)
at org.testng.SuiteRunner.runTest(SuiteRunner.java:455)
at org.testng.SuiteRunner.access$000(SuiteRunner.java:40)
at org.testng.SuiteRunner$SuiteWorker.run(SuiteRunner.java:489)
at org.testng.internal.thread.ThreadUtil$1.call(ThreadUtil.java:52)
at java.util.concurrent.FutureTask.run(FutureTask.java:266)
at java.util.concurrent.ThreadPoolExecutor.runWorker(ThreadPoolExecutor.java:1149)
at java.util.concurrent.ThreadPoolExecutor$Worker.run(ThreadPoolExecutor.java:624)
at java.lang.Thread.run(Thread.java:748)
]]>
            </full-stacktrace>
          </exception> <!-- java.lang.AssertionError -->
          <reporter-output>
          </reporter-output>
        </test-method> <!-- productInfoDataTest -->
        <test-method status="PASS" signature="tearDown()[pri:0, instance:com.qa.opencart.tests.ProductInfoPageTest@5116ac09]" name="tearDown" is-config="true" duration-ms="79" started-at="2021-03-08T15:39:36Z" finished-at="2021-03-08T15:39:36Z">
          <reporter-output>
          </reporter-output>
        </test-method> <!-- tearDown -->
      </class> <!-- com.qa.opencart.tests.ProductInfoPageTest -->
    </test> <!-- Product Info Page Test -->
  </suite> <!-- Demo Cart App Regression Test Suite -->
</testng-results>
